<?xml version="1.0" encoding="UTF-8"?>
<testsuite xmlns:xsi="http://www.w3.org/2001/XMLSchema-instance" xsi:noNamespaceSchemaLocation="https://maven.apache.org/surefire/maven-surefire-plugin/xsd/surefire-test-report-3.0.xsd" version="3.0" name="n2ntechnicalassessment.BookstoreApplicationTests" time="37.663" tests="1" errors="0" skipped="0" failures="0">
  <properties>
[...]
</properties>
  <testcase name="contextLoads" classname="n2ntechnicalassessment.BookstoreApplicationTests" time="3.357">
    <system-out><![CDATA[08:32:05.433 [main] INFO org.springframework.test.context.support.AnnotationConfigContextLoaderUtils -- Could not detect default configuration classes for test class [n2ntechnicalassessment.BookstoreApplicationTests]: BookstoreApplicationTests does not declare any static, non-private, non-final, nested classes annotated with @Configuration.
08:32:05.714 [main] INFO org.springframework.boot.test.context.SpringBootTestContextBootstrapper -- Found @SpringBootConfiguration n2ntechnicalassessment.N2nApplication for test class n2ntechnicalassessment.BookstoreApplicationTests

  .   ____          _            __ _ _
 /\\ / ___'_ __ _ _(_)_ __  __ _ \ \ \ \
( ( )\___ | '_ | '_| | '_ \/ _` | \ \ \ \
 \\/  ___)| |_)| | | | | || (_| |  ) ) ) )
  '  |____| .__|_| |_|_| |_\__, | / / / /
 =========|_|==============|___/=/_/_/_/
 :: Spring Boot ::                (v3.2.1)

2024-10-25T08:32:07.243+08:00  INFO 12028 --- [n2n] [           main] n.BookstoreApplicationTests              : Starting BookstoreApplicationTests using Java 21.0.2 with PID 12028 (started by User in E:\JAVA - road to pro\n2n-technical-assessment)
2024-10-25T08:32:07.246+08:00  INFO 12028 --- [n2n] [           main] n.BookstoreApplicationTests              : No active profile set, falling back to 1 default profile: "default"
2024-10-25T08:32:09.816+08:00  INFO 12028 --- [n2n] [           main] .s.d.r.c.RepositoryConfigurationDelegate : Bootstrapping Spring Data JPA repositories in DEFAULT mode.
2024-10-25T08:32:09.921+08:00  INFO 12028 --- [n2n] [           main] .s.d.r.c.RepositoryConfigurationDelegate : Finished Spring Data repository scanning in 83 ms. Found 3 JPA repository interfaces.
2024-10-25T08:32:11.145+08:00  INFO 12028 --- [n2n] [           main] o.hibernate.jpa.internal.util.LogHelper  : HHH000204: Processing PersistenceUnitInfo [name: default]
2024-10-25T08:32:11.351+08:00  INFO 12028 --- [n2n] [           main] org.hibernate.Version                    : HHH000412: Hibernate ORM core version 6.4.1.Final
2024-10-25T08:32:11.437+08:00  INFO 12028 --- [n2n] [           main] o.h.c.internal.RegionFactoryInitiator    : HHH000026: Second-level cache disabled
2024-10-25T08:32:12.052+08:00  INFO 12028 --- [n2n] [           main] o.s.o.j.p.SpringPersistenceUnitInfo      : No LoadTimeWeaver setup: ignoring JPA class transformer
2024-10-25T08:32:12.168+08:00  INFO 12028 --- [n2n] [           main] com.zaxxer.hikari.HikariDataSource       : HikariPool-1 - Starting...
2024-10-25T08:32:13.657+08:00  INFO 12028 --- [n2n] [           main] com.zaxxer.hikari.pool.HikariPool        : HikariPool-1 - Added connection com.mysql.cj.jdbc.ConnectionImpl@1ad1be5d
2024-10-25T08:32:13.676+08:00  INFO 12028 --- [n2n] [           main] com.zaxxer.hikari.HikariDataSource       : HikariPool-1 - Start completed.
2024-10-25T08:32:15.479+08:00  INFO 12028 --- [n2n] [           main] o.h.e.t.j.p.i.JtaPlatformInitiator       : HHH000489: No JTA platform available (set 'hibernate.transaction.jta.platform' to enable JTA platform integration)
Hibernate: alter table cards modify column id bigint not null auto_increment
Hibernate: alter table cards add column created_at datetime(6)
Hibernate: alter table cards add column updated_at datetime(6)
Hibernate: alter table cards add column updated_by varchar(255)
Hibernate: create table customers (id bigint not null auto_increment, created_at datetime(6), updated_at datetime(6), updated_by varchar(255), date_joined datetime(6), email varchar(255), family_member integer, first_name varchar(255), id_number varchar(255), id_type varchar(255), last_name varchar(255), mobile_number varchar(255), office_number varchar(255), products_id bigint, primary key (id)) engine=InnoDB
Hibernate: create table products (id bigint not null auto_increment, created_at datetime(6), updated_at datetime(6), updated_by varchar(255), book_price varchar(255), book_quantity integer, book_title varchar(255), primary key (id)) engine=InnoDB
Hibernate: alter table customers drop index UK_39bor9t49174tsavc0w1j0hmt
Hibernate: alter table customers add constraint UK_39bor9t49174tsavc0w1j0hmt unique (products_id)
Hibernate: alter table customers add constraint FKqsppq3oj4bfxp92x4pktqqjwh foreign key (products_id) references products (id)
2024-10-25T08:32:34.815+08:00  INFO 12028 --- [n2n] [           main] j.LocalContainerEntityManagerFactoryBean : Initialized JPA EntityManagerFactory for persistence unit 'default'
2024-10-25T08:32:36.303+08:00  WARN 12028 --- [n2n] [           main] JpaBaseConfiguration$JpaWebConfiguration : spring.jpa.open-in-view is enabled by default. Therefore, database queries may be performed during view rendering. Explicitly configure spring.jpa.open-in-view to disable this warning
2024-10-25T08:32:37.804+08:00  INFO 12028 --- [n2n] [           main] o.s.d.j.r.query.QueryEnhancerFactory     : Hibernate is in classpath; If applicable, HQL parser will be used.
2024-10-25T08:32:38.650+08:00  INFO 12028 --- [n2n] [           main] n.BookstoreApplicationTests              : Started BookstoreApplicationTests in 32.479 seconds (process running for 35.681)
]]></system-out>
    <system-err><![CDATA[WARNING: A Java agent has been loaded dynamically (C:\Users\User\.m2\repository\net\bytebuddy\byte-buddy-agent\1.14.10\byte-buddy-agent-1.14.10.jar)
WARNING: If a serviceability tool is in use, please run with -XX:+EnableDynamicAgentLoading to hide this warning
WARNING: If a serviceability tool is not in use, please run with -Djdk.instrument.traceUsage for more information
WARNING: Dynamic loading of agents will be disallowed by default in a future release
]]></system-err>
  </testcase>
</testsuite>